<?xml version="1.0" encoding="UTF-8"?>
<!-- Generated by org.testng.reporters.JUnitReportReporter -->
<testsuite hostname="INLEN8520064620" failures="0" tests="1" name="testCases.TC002_LoginTest" time="1.786" errors="0" timestamp="2024-09-20T19:07:57 IST" skipped="0">
  <testcase classname="testCases.TC002_LoginTest" name="varify_login" time="1.786"/>
</testsuite> <!-- testCases.TC002_LoginTest -->
